<?xml version="1.0" encoding="UTF-8"?>
<!-- Generated by org.testng.reporters.JUnitReportReporter -->
<testsuite hostname="LAPTOP-BGBFGLNM" failures="0" tests="1" name="TestRunner" time="0.058" errors="1" timestamp="2024-02-23T16:01:18 EST" skipped="0">
  <testcase classname="TestRunner" name="runScenario" time="0.058">
    <error message="Cannot invoke &quot;String.equalsIgnoreCase(String)&quot; because &quot;driverType&quot; is null" type="java.lang.NullPointerException">
      <![CDATA[java.lang.NullPointerException: Cannot invoke "String.equalsIgnoreCase(String)" because "driverType" is null
at base.config.setupBrowser(config.java:15)
at stepDef.Hook.beforeEachTest(Hook.java:18)
]]>
    </error>
  </testcase> <!-- runScenario -->
</testsuite> <!-- TestRunner -->
